2016-12-02 10:39:47,198 - Target log system for org.apache.velocity.runtime.log.AvalonLogChute is not available (java.lang.NoClassDefFoundError: org/apache/log/format/Formatter).  Falling back to next log system...
2016-12-02 10:39:47,198 - Trying to use logger class org.apache.velocity.runtime.log.Log4JLogChute
2016-12-02 10:39:47,198 - Using logger class org.apache.velocity.runtime.log.Log4JLogChute
2016-12-02 10:39:47,200 - ResourceLoader instantiated: org.apache.velocity.runtime.resource.loader.ClasspathResourceLoader
2016-12-02 10:39:47,208 - ResourceCache: initialized (class org.apache.velocity.runtime.resource.ResourceCacheImpl) with class java.util.Collections$SynchronizedMap cache map.
2016-12-02 10:39:47,209 - Loaded System Directive: org.apache.velocity.runtime.directive.Stop
2016-12-02 10:39:47,210 - Loaded System Directive: org.apache.velocity.runtime.directive.Define
2016-12-02 10:39:47,210 - Loaded System Directive: org.apache.velocity.runtime.directive.Break
2016-12-02 10:39:47,210 - Loaded System Directive: org.apache.velocity.runtime.directive.Evaluate
2016-12-02 10:39:47,211 - Loaded System Directive: org.apache.velocity.runtime.directive.Literal
2016-12-02 10:39:47,211 - Loaded System Directive: org.apache.velocity.runtime.directive.Macro
2016-12-02 10:39:47,212 - Loaded System Directive: org.apache.velocity.runtime.directive.Parse
2016-12-02 10:39:47,213 - Loaded System Directive: org.apache.velocity.runtime.directive.Include
2016-12-02 10:39:47,213 - Loaded System Directive: org.apache.velocity.runtime.directive.Foreach
2016-12-02 10:39:47,233 - Created '20' parsers.
2016-12-02 10:39:47,236 - Velocimacro : "velocimacro.library" is not set.  Trying default library: VM_global_library.vm
2016-12-02 10:39:47,237 - Could not load resource 'VM_global_library.vm' from ResourceLoader org.apache.velocity.runtime.resource.loader.ClasspathResourceLoader: ClasspathResourceLoader Error: cannot find resource VM_global_library.vm
2016-12-02 10:39:47,237 - Velocimacro : Default library not found.
2016-12-02 10:39:47,238 - Velocimacro : allowInline = true : VMs can be defined inline in templates
2016-12-02 10:39:47,238 - Velocimacro : allowInlineToOverride = false : VMs defined inline may NOT replace previous VM definitions
2016-12-02 10:39:47,238 - Velocimacro : allowInlineLocal = false : VMs defined inline will be global in scope if allowed.
2016-12-02 10:39:47,238 - Velocimacro : autoload off : VM system will not automatically reload global library macros
2016-12-02 10:39:47,244 - ResourceManager : found projecthtml.vm with loader org.apache.velocity.runtime.resource.loader.ClasspathResourceLoader
2016-12-02 10:40:13,884 - Log4JLogChute initialized using file 'velocity.log'
2016-12-02 10:40:13,884 - Initializing Velocity, Calling init()...
2016-12-02 10:40:13,884 - Starting Apache Velocity v1.7 (compiled: 2010-11-19 12:14:37)
2016-12-02 10:40:13,884 - Default Properties File: org\apache\velocity\runtime\defaults\velocity.properties
2016-12-02 10:40:13,885 - Trying to use logger class org.apache.velocity.runtime.log.AvalonLogChute
2016-12-02 10:40:13,885 - Target log system for org.apache.velocity.runtime.log.AvalonLogChute is not available (java.lang.NoClassDefFoundError: org/apache/log/format/Formatter).  Falling back to next log system...
2016-12-02 10:40:13,885 - Trying to use logger class org.apache.velocity.runtime.log.Log4JLogChute
2016-12-02 10:40:13,885 - Using logger class org.apache.velocity.runtime.log.Log4JLogChute
2016-12-02 10:40:13,886 - ResourceLoader instantiated: org.apache.velocity.runtime.resource.loader.ClasspathResourceLoader
2016-12-02 10:40:13,895 - ResourceCache: initialized (class org.apache.velocity.runtime.resource.ResourceCacheImpl) with class java.util.Collections$SynchronizedMap cache map.
2016-12-02 10:40:13,896 - Loaded System Directive: org.apache.velocity.runtime.directive.Stop
2016-12-02 10:40:13,897 - Loaded System Directive: org.apache.velocity.runtime.directive.Define
2016-12-02 10:40:13,897 - Loaded System Directive: org.apache.velocity.runtime.directive.Break
2016-12-02 10:40:13,898 - Loaded System Directive: org.apache.velocity.runtime.directive.Evaluate
2016-12-02 10:40:13,898 - Loaded System Directive: org.apache.velocity.runtime.directive.Literal
2016-12-02 10:40:13,899 - Loaded System Directive: org.apache.velocity.runtime.directive.Macro
2016-12-02 10:40:13,899 - Loaded System Directive: org.apache.velocity.runtime.directive.Parse
2016-12-02 10:40:13,900 - Loaded System Directive: org.apache.velocity.runtime.directive.Include
2016-12-02 10:40:13,901 - Loaded System Directive: org.apache.velocity.runtime.directive.Foreach
2016-12-02 10:40:13,921 - Created '20' parsers.
2016-12-02 10:40:13,926 - Velocimacro : "velocimacro.library" is not set.  Trying default library: VM_global_library.vm
2016-12-02 10:40:13,927 - Could not load resource 'VM_global_library.vm' from ResourceLoader org.apache.velocity.runtime.resource.loader.ClasspathResourceLoader: ClasspathResourceLoader Error: cannot find resource VM_global_library.vm
2016-12-02 10:40:13,927 - Velocimacro : Default library not found.
2016-12-02 10:40:13,927 - Velocimacro : allowInline = true : VMs can be defined inline in templates
2016-12-02 10:40:13,927 - Velocimacro : allowInlineToOverride = false : VMs defined inline may NOT replace previous VM definitions
2016-12-02 10:40:13,927 - Velocimacro : allowInlineLocal = false : VMs defined inline will be global in scope if allowed.
2016-12-02 10:40:13,927 - Velocimacro : autoload off : VM system will not automatically reload global library macros
2016-12-02 10:40:13,934 - ResourceManager : found projecthtml.vm with loader org.apache.velocity.runtime.resource.loader.ClasspathResourceLoader
2016-12-02 10:40:52,331 - Log4JLogChute initialized using file 'velocity.log'
2016-12-02 10:40:52,331 - Initializing Velocity, Calling init()...
2016-12-02 10:40:52,331 - Starting Apache Velocity v1.7 (compiled: 2010-11-19 12:14:37)
2016-12-02 10:40:52,331 - Default Properties File: org\apache\velocity\runtime\defaults\velocity.properties
2016-12-02 10:40:52,331 - Trying to use logger class org.apache.velocity.runtime.log.AvalonLogChute
2016-12-02 10:40:52,331 - Target log system for org.apache.velocity.runtime.log.AvalonLogChute is not available (java.lang.NoClassDefFoundError: org/apache/log/format/Formatter).  Falling back to next log system...
2016-12-02 10:40:52,331 - Trying to use logger class org.apache.velocity.runtime.log.Log4JLogChute
2016-12-02 10:40:52,331 - Using logger class org.apache.velocity.runtime.log.Log4JLogChute
2016-12-02 10:40:52,333 - ResourceLoader instantiated: org.apache.velocity.runtime.resource.loader.ClasspathResourceLoader
2016-12-02 10:40:52,346 - ResourceCache: initialized (class org.apache.velocity.runtime.resource.ResourceCacheImpl) with class java.util.Collections$SynchronizedMap cache map.
2016-12-02 10:40:52,347 - Loaded System Directive: org.apache.velocity.runtime.directive.Stop
2016-12-02 10:40:52,348 - Loaded System Directive: org.apache.velocity.runtime.directive.Define
2016-12-02 10:40:52,349 - Loaded System Directive: org.apache.velocity.runtime.directive.Break
2016-12-02 10:40:52,349 - Loaded System Directive: org.apache.velocity.runtime.directive.Evaluate
2016-12-02 10:40:52,350 - Loaded System Directive: org.apache.velocity.runtime.directive.Literal
2016-12-02 10:40:52,350 - Loaded System Directive: org.apache.velocity.runtime.directive.Macro
2016-12-02 10:40:52,351 - Loaded System Directive: org.apache.velocity.runtime.directive.Parse
2016-12-02 10:40:52,352 - Loaded System Directive: org.apache.velocity.runtime.directive.Include
2016-12-02 10:40:52,352 - Loaded System Directive: org.apache.velocity.runtime.directive.Foreach
2016-12-02 10:40:52,373 - Created '20' parsers.
2016-12-02 10:40:52,378 - Velocimacro : "velocimacro.library" is not set.  Trying default library: VM_global_library.vm
2016-12-02 10:40:52,378 - Could not load resource 'VM_global_library.vm' from ResourceLoader org.apache.velocity.runtime.resource.loader.ClasspathResourceLoader: ClasspathResourceLoader Error: cannot find resource VM_global_library.vm
2016-12-02 10:40:52,379 - Velocimacro : Default library not found.
2016-12-02 10:40:52,379 - Velocimacro : allowInline = true : VMs can be defined inline in templates
2016-12-02 10:40:52,379 - Velocimacro : allowInlineToOverride = false : VMs defined inline may NOT replace previous VM definitions
2016-12-02 10:40:52,379 - Velocimacro : allowInlineLocal = false : VMs defined inline will be global in scope if allowed.
2016-12-02 10:40:52,379 - Velocimacro : autoload off : VM system will not automatically reload global library macros
2016-12-02 10:40:52,385 - ResourceManager : found projecthtml.vm with loader org.apache.velocity.runtime.resource.loader.ClasspathResourceLoader
2016-12-02 10:41:44,537 - Log4JLogChute initialized using file 'velocity.log'
2016-12-02 10:41:44,537 - Initializing Velocity, Calling init()...
2016-12-02 10:41:44,537 - Starting Apache Velocity v1.7 (compiled: 2010-11-19 12:14:37)
2016-12-02 10:41:44,537 - Default Properties File: org\apache\velocity\runtime\defaults\velocity.properties
2016-12-02 10:41:44,537 - Trying to use logger class org.apache.velocity.runtime.log.AvalonLogChute
2016-12-02 10:41:44,537 - Target log system for org.apache.velocity.runtime.log.AvalonLogChute is not available (java.lang.NoClassDefFoundError: org/apache/log/format/Formatter).  Falling back to next log system...
2016-12-02 10:41:44,537 - Trying to use logger class org.apache.velocity.runtime.log.Log4JLogChute
2016-12-02 10:41:44,537 - Using logger class org.apache.velocity.runtime.log.Log4JLogChute
2016-12-02 10:41:44,539 - ResourceLoader instantiated: org.apache.velocity.runtime.resource.loader.ClasspathResourceLoader
2016-12-02 10:41:44,546 - ResourceCache: initialized (class org.apache.velocity.runtime.resource.ResourceCacheImpl) with class java.util.Collections$SynchronizedMap cache map.
2016-12-02 10:41:44,547 - Loaded System Directive: org.apache.velocity.runtime.directive.Stop
2016-12-02 10:41:44,548 - Loaded System Directive: org.apache.velocity.runtime.directive.Define
2016-12-02 10:41:44,548 - Loaded System Directive: org.apache.velocity.runtime.directive.Break
2016-12-02 10:41:44,549 - Loaded System Directive: org.apache.velocity.runtime.directive.Evaluate
2016-12-02 10:41:44,549 - Loaded System Directive: org.apache.velocity.runtime.directive.Literal
2016-12-02 10:41:44,550 - Loaded System Directive: org.apache.velocity.runtime.directive.Macro
2016-12-02 10:41:44,550 - Loaded System Directive: org.apache.velocity.runtime.directive.Parse
2016-12-02 10:41:44,551 - Loaded System Directive: org.apache.velocity.runtime.directive.Include
2016-12-02 10:41:44,552 - Loaded System Directive: org.apache.velocity.runtime.directive.Foreach
2016-12-02 10:41:44,571 - Created '20' parsers.
2016-12-02 10:41:44,574 - Velocimacro : "velocimacro.library" is not set.  Trying default library: VM_global_library.vm
2016-12-02 10:41:44,574 - Could not load resource 'VM_global_library.vm' from ResourceLoader org.apache.velocity.runtime.resource.loader.ClasspathResourceLoader: ClasspathResourceLoader Error: cannot find resource VM_global_library.vm
2016-12-02 10:41:44,574 - Velocimacro : Default library not found.
2016-12-02 10:41:44,574 - Velocimacro : allowInline = true : VMs can be defined inline in templates
2016-12-02 10:41:44,574 - Velocimacro : allowInlineToOverride = false : VMs defined inline may NOT replace previous VM definitions
2016-12-02 10:41:44,574 - Velocimacro : allowInlineLocal = false : VMs defined inline will be global in scope if allowed.
2016-12-02 10:41:44,574 - Velocimacro : autoload off : VM system will not automatically reload global library macros
2016-12-02 10:41:44,580 - ResourceManager : found projecthtml.vm with loader org.apache.velocity.runtime.resource.loader.ClasspathResourceLoader
2016-12-02 10:42:20,009 - Log4JLogChute initialized using file 'velocity.log'
2016-12-02 10:42:20,009 - Initializing Velocity, Calling init()...
2016-12-02 10:42:20,009 - Starting Apache Velocity v1.7 (compiled: 2010-11-19 12:14:37)
2016-12-02 10:42:20,009 - Default Properties File: org\apache\velocity\runtime\defaults\velocity.properties
2016-12-02 10:42:20,009 - Trying to use logger class org.apache.velocity.runtime.log.AvalonLogChute
2016-12-02 10:42:20,009 - Target log system for org.apache.velocity.runtime.log.AvalonLogChute is not available (java.lang.NoClassDefFoundError: org/apache/log/format/Formatter).  Falling back to next log system...
2016-12-02 10:42:20,009 - Trying to use logger class org.apache.velocity.runtime.log.Log4JLogChute
2016-12-02 10:42:20,009 - Using logger class org.apache.velocity.runtime.log.Log4JLogChute
2016-12-02 10:42:20,011 - ResourceLoader instantiated: org.apache.velocity.runtime.resource.loader.ClasspathResourceLoader
2016-12-02 10:42:20,022 - ResourceCache: initialized (class org.apache.velocity.runtime.resource.ResourceCacheImpl) with class java.util.Collections$SynchronizedMap cache map.
2016-12-02 10:42:20,023 - Loaded System Directive: org.apache.velocity.runtime.directive.Stop
2016-12-02 10:42:20,024 - Loaded System Directive: org.apache.velocity.runtime.directive.Define
2016-12-02 10:42:20,024 - Loaded System Directive: org.apache.velocity.runtime.directive.Break
2016-12-02 10:42:20,025 - Loaded System Directive: org.apache.velocity.runtime.directive.Evaluate
2016-12-02 10:42:20,025 - Loaded System Directive: org.apache.velocity.runtime.directive.Literal
2016-12-02 10:42:20,026 - Loaded System Directive: org.apache.velocity.runtime.directive.Macro
2016-12-02 10:42:20,027 - Loaded System Directive: org.apache.velocity.runtime.directive.Parse
2016-12-02 10:42:20,027 - Loaded System Directive: org.apache.velocity.runtime.directive.Include
2016-12-02 10:42:20,028 - Loaded System Directive: org.apache.velocity.runtime.directive.Foreach
2016-12-02 10:42:20,049 - Created '20' parsers.
2016-12-02 10:42:20,055 - Velocimacro : "velocimacro.library" is not set.  Trying default library: VM_global_library.vm
2016-12-02 10:42:20,055 - Could not load resource 'VM_global_library.vm' from ResourceLoader org.apache.velocity.runtime.resource.loader.ClasspathResourceLoader: ClasspathResourceLoader Error: cannot find resource VM_global_library.vm
2016-12-02 10:42:20,055 - Velocimacro : Default library not found.
2016-12-02 10:42:20,055 - Velocimacro : allowInline = true : VMs can be defined inline in templates
2016-12-02 10:42:20,055 - Velocimacro : allowInlineToOverride = false : VMs defined inline may NOT replace previous VM definitions
2016-12-02 10:42:20,055 - Velocimacro : allowInlineLocal = false : VMs defined inline will be global in scope if allowed.
2016-12-02 10:42:20,055 - Velocimacro : autoload off : VM system will not automatically reload global library macros
2016-12-02 10:42:20,062 - ResourceManager : found projecthtml.vm with loader org.apache.velocity.runtime.resource.loader.ClasspathResourceLoader
2016-12-02 10:43:13,524 - Log4JLogChute initialized using file 'velocity.log'
2016-12-02 10:43:13,524 - Initializing Velocity, Calling init()...
2016-12-02 10:43:13,524 - Starting Apache Velocity v1.7 (compiled: 2010-11-19 12:14:37)
2016-12-02 10:43:13,524 - Default Properties File: org\apache\velocity\runtime\defaults\velocity.properties
2016-12-02 10:43:13,524 - Trying to use logger class org.apache.velocity.runtime.log.AvalonLogChute
2016-12-02 10:43:13,524 - Target log system for org.apache.velocity.runtime.log.AvalonLogChute is not available (java.lang.NoClassDefFoundError: org/apache/log/format/Formatter).  Falling back to next log system...
2016-12-02 10:43:13,524 - Trying to use logger class org.apache.velocity.runtime.log.Log4JLogChute
2016-12-02 10:43:13,524 - Using logger class org.apache.velocity.runtime.log.Log4JLogChute
2016-12-02 10:43:13,526 - ResourceLoader instantiated: org.apache.velocity.runtime.resource.loader.ClasspathResourceLoader
2016-12-02 10:43:13,536 - ResourceCache: initialized (class org.apache.velocity.runtime.resource.ResourceCacheImpl) with class java.util.Collections$SynchronizedMap cache map.
2016-12-02 10:43:13,537 - Loaded System Directive: org.apache.velocity.runtime.directive.Stop
2016-12-02 10:43:13,538 - Loaded System Directive: org.apache.velocity.runtime.directive.Define
2016-12-02 10:43:13,539 - Loaded System Directive: org.apache.velocity.runtime.directive.Break
2016-12-02 10:43:13,539 - Loaded System Directive: org.apache.velocity.runtime.directive.Evaluate
2016-12-02 10:43:13,539 - Loaded System Directive: org.apache.velocity.runtime.directive.Literal
2016-12-02 10:43:13,540 - Loaded System Directive: org.apache.velocity.runtime.directive.Macro
2016-12-02 10:43:13,541 - Loaded System Directive: org.apache.velocity.runtime.directive.Parse
2016-12-02 10:43:13,542 - Loaded System Directive: org.apache.velocity.runtime.directive.Include
2016-12-02 10:43:13,542 - Loaded System Directive: org.apache.velocity.runtime.directive.Foreach
2016-12-02 10:43:13,566 - Created '20' parsers.
2016-12-02 10:43:13,570 - Velocimacro : "velocimacro.library" is not set.  Trying default library: VM_global_library.vm
2016-12-02 10:43:13,571 - Could not load resource 'VM_global_library.vm' from ResourceLoader org.apache.velocity.runtime.resource.loader.ClasspathResourceLoader: ClasspathResourceLoader Error: cannot find resource VM_global_library.vm
2016-12-02 10:43:13,571 - Velocimacro : Default library not found.
2016-12-02 10:43:13,571 - Velocimacro : allowInline = true : VMs can be defined inline in templates
2016-12-02 10:43:13,571 - Velocimacro : allowInlineToOverride = false : VMs defined inline may NOT replace previous VM definitions
2016-12-02 10:43:13,571 - Velocimacro : allowInlineLocal = false : VMs defined inline will be global in scope if allowed.
2016-12-02 10:43:13,571 - Velocimacro : autoload off : VM system will not automatically reload global library macros
2016-12-02 10:43:13,577 - ResourceManager : found projecthtml.vm with loader org.apache.velocity.runtime.resource.loader.ClasspathResourceLoader
2016-12-02 10:44:40,396 - Log4JLogChute initialized using file 'velocity.log'
2016-12-02 10:44:40,396 - Initializing Velocity, Calling init()...
2016-12-02 10:44:40,396 - Starting Apache Velocity v1.7 (compiled: 2010-11-19 12:14:37)
2016-12-02 10:44:40,396 - Default Properties File: org\apache\velocity\runtime\defaults\velocity.properties
2016-12-02 10:44:40,396 - Trying to use logger class org.apache.velocity.runtime.log.AvalonLogChute
2016-12-02 10:44:40,396 - Target log system for org.apache.velocity.runtime.log.AvalonLogChute is not available (java.lang.NoClassDefFoundError: org/apache/log/format/Formatter).  Falling back to next log system...
2016-12-02 10:44:40,396 - Trying to use logger class org.apache.velocity.runtime.log.Log4JLogChute
2016-12-02 10:44:40,397 - Using logger class org.apache.velocity.runtime.log.Log4JLogChute
2016-12-02 10:44:40,398 - ResourceLoader instantiated: org.apache.velocity.runtime.resource.loader.ClasspathResourceLoader
2016-12-02 10:44:40,407 - ResourceCache: initialized (class org.apache.velocity.runtime.resource.ResourceCacheImpl) with class java.util.Collections$SynchronizedMap cache map.
2016-12-02 10:44:40,408 - Loaded System Directive: org.apache.velocity.runtime.directive.Stop
2016-12-02 10:44:40,409 - Loaded System Directive: org.apache.velocity.runtime.directive.Define
2016-12-02 10:44:40,409 - Loaded System Directive: org.apache.velocity.runtime.directive.Break
2016-12-02 10:44:40,410 - Loaded System Directive: org.apache.velocity.runtime.directive.Evaluate
2016-12-02 10:44:40,410 - Loaded System Directive: org.apache.velocity.runtime.directive.Literal
2016-12-02 10:44:40,411 - Loaded System Directive: org.apache.velocity.runtime.directive.Macro
2016-12-02 10:44:40,411 - Loaded System Directive: org.apache.velocity.runtime.directive.Parse
2016-12-02 10:44:40,412 - Loaded System Directive: org.apache.velocity.runtime.directive.Include
2016-12-02 10:44:40,413 - Loaded System Directive: org.apache.velocity.runtime.directive.Foreach
2016-12-02 10:44:40,432 - Created '20' parsers.
2016-12-02 10:44:40,437 - Velocimacro : "velocimacro.library" is not set.  Trying default library: VM_global_library.vm
2016-12-02 10:44:40,437 - Could not load resource 'VM_global_library.vm' from ResourceLoader org.apache.velocity.runtime.resource.loader.ClasspathResourceLoader: ClasspathResourceLoader Error: cannot find resource VM_global_library.vm
2016-12-02 10:44:40,437 - Velocimacro : Default library not found.
2016-12-02 10:44:40,437 - Velocimacro : allowInline = true : VMs can be defined inline in templates
2016-12-02 10:44:40,437 - Velocimacro : allowInlineToOverride = false : VMs defined inline may NOT replace previous VM definitions
2016-12-02 10:44:40,437 - Velocimacro : allowInlineLocal = false : VMs defined inline will be global in scope if allowed.
2016-12-02 10:44:40,437 - Velocimacro : autoload off : VM system will not automatically reload global library macros
2016-12-02 10:44:40,443 - ResourceManager : found projecthtml.vm with loader org.apache.velocity.runtime.resource.loader.ClasspathResourceLoader
2016-12-02 10:45:27,235 - Log4JLogChute initialized using file 'velocity.log'
2016-12-02 10:45:27,235 - Initializing Velocity, Calling init()...
2016-12-02 10:45:27,235 - Starting Apache Velocity v1.7 (compiled: 2010-11-19 12:14:37)
2016-12-02 10:45:27,235 - Default Properties File: org\apache\velocity\runtime\defaults\velocity.properties
2016-12-02 10:45:27,235 - Trying to use logger class org.apache.velocity.runtime.log.AvalonLogChute
2016-12-02 10:45:27,235 - Target log system for org.apache.velocity.runtime.log.AvalonLogChute is not available (java.lang.NoClassDefFoundError: org/apache/log/format/Formatter).  Falling back to next log system...
2016-12-02 10:45:27,235 - Trying to use logger class org.apache.velocity.runtime.log.Log4JLogChute
2016-12-02 10:45:27,235 - Using logger class org.apache.velocity.runtime.log.Log4JLogChute
2016-12-02 10:45:27,237 - ResourceLoader instantiated: org.apache.velocity.runtime.resource.loader.ClasspathResourceLoader
2016-12-02 10:45:27,247 - ResourceCache: initialized (class org.apache.velocity.runtime.resource.ResourceCacheImpl) with class java.util.Collections$SynchronizedMap cache map.
2016-12-02 10:45:27,249 - Loaded System Directive: org.apache.velocity.runtime.directive.Stop
2016-12-02 10:45:27,249 - Loaded System Directive: org.apache.velocity.runtime.directive.Define
2016-12-02 10:45:27,251 - Loaded System Directive: org.apache.velocity.runtime.directive.Break
2016-12-02 10:45:27,252 - Loaded System Directive: org.apache.velocity.runtime.directive.Evaluate
2016-12-02 10:45:27,252 - Loaded System Directive: org.apache.velocity.runtime.directive.Literal
2016-12-02 10:45:27,253 - Loaded System Directive: org.apache.velocity.runtime.directive.Macro
2016-12-02 10:45:27,254 - Loaded System Directive: org.apache.velocity.runtime.directive.Parse
2016-12-02 10:45:27,255 - Loaded System Directive: org.apache.velocity.runtime.directive.Include
2016-12-02 10:45:27,255 - Loaded System Directive: org.apache.velocity.runtime.directive.Foreach
2016-12-02 10:45:27,277 - Created '20' parsers.
2016-12-02 10:45:27,282 - Velocimacro : "velocimacro.library" is not set.  Trying default library: VM_global_library.vm
2016-12-02 10:45:27,282 - Could not load resource 'VM_global_library.vm' from ResourceLoader org.apache.velocity.runtime.resource.loader.ClasspathResourceLoader: ClasspathResourceLoader Error: cannot find resource VM_global_library.vm
2016-12-02 10:45:27,282 - Velocimacro : Default library not found.
2016-12-02 10:45:27,282 - Velocimacro : allowInline = true : VMs can be defined inline in templates
2016-12-02 10:45:27,282 - Velocimacro : allowInlineToOverride = false : VMs defined inline may NOT replace previous VM definitions
2016-12-02 10:45:27,282 - Velocimacro : allowInlineLocal = false : VMs defined inline will be global in scope if allowed.
2016-12-02 10:45:27,282 - Velocimacro : autoload off : VM system will not automatically reload global library macros
2016-12-02 10:45:27,289 - ResourceManager : found projecthtml.vm with loader org.apache.velocity.runtime.resource.loader.ClasspathResourceLoader
2016-12-02 10:46:09,000 - Log4JLogChute initialized using file 'velocity.log'
2016-12-02 10:46:09,001 - Initializing Velocity, Calling init()...
2016-12-02 10:46:09,001 - Starting Apache Velocity v1.7 (compiled: 2010-11-19 12:14:37)
2016-12-02 10:46:09,001 - Default Properties File: org\apache\velocity\runtime\defaults\velocity.properties
2016-12-02 10:46:09,001 - Trying to use logger class org.apache.velocity.runtime.log.AvalonLogChute
2016-12-02 10:46:09,001 - Target log system for org.apache.velocity.runtime.log.AvalonLogChute is not available (java.lang.NoClassDefFoundError: org/apache/log/format/Formatter).  Falling back to next log system...
2016-12-02 10:46:09,001 - Trying to use logger class org.apache.velocity.runtime.log.Log4JLogChute
2016-12-02 10:46:09,001 - Using logger class org.apache.velocity.runtime.log.Log4JLogChute
2016-12-02 10:46:09,003 - ResourceLoader instantiated: org.apache.velocity.runtime.resource.loader.ClasspathResourceLoader
2016-12-02 10:46:09,011 - ResourceCache: initialized (class org.apache.velocity.runtime.resource.ResourceCacheImpl) with class java.util.Collections$SynchronizedMap cache map.
2016-12-02 10:46:09,012 - Loaded System Directive: org.apache.velocity.runtime.directive.Stop
2016-12-02 10:46:09,012 - Loaded System Directive: org.apache.velocity.runtime.directive.Define
2016-12-02 10:46:09,013 - Loaded System Directive: org.apache.velocity.runtime.directive.Break
2016-12-02 10:46:09,013 - Loaded System Directive: org.apache.velocity.runtime.directive.Evaluate
2016-12-02 10:46:09,014 - Loaded System Directive: org.apache.velocity.runtime.directive.Literal
2016-12-02 10:46:09,015 - Loaded System Directive: org.apache.velocity.runtime.directive.Macro
2016-12-02 10:46:09,016 - Loaded System Directive: org.apache.velocity.runtime.directive.Parse
2016-12-02 10:46:09,017 - Loaded System Directive: org.apache.velocity.runtime.directive.Include
2016-12-02 10:46:09,017 - Loaded System Directive: org.apache.velocity.runtime.directive.Foreach
2016-12-02 10:46:09,036 - Created '20' parsers.
2016-12-02 10:46:09,040 - Velocimacro : "velocimacro.library" is not set.  Trying default library: VM_global_library.vm
2016-12-02 10:46:09,040 - Could not load resource 'VM_global_library.vm' from ResourceLoader org.apache.velocity.runtime.resource.loader.ClasspathResourceLoader: ClasspathResourceLoader Error: cannot find resource VM_global_library.vm
2016-12-02 10:46:09,040 - Velocimacro : Default library not found.
2016-12-02 10:46:09,040 - Velocimacro : allowInline = true : VMs can be defined inline in templates
2016-12-02 10:46:09,040 - Velocimacro : allowInlineToOverride = false : VMs defined inline may NOT replace previous VM definitions
2016-12-02 10:46:09,040 - Velocimacro : allowInlineLocal = false : VMs defined inline will be global in scope if allowed.
2016-12-02 10:46:09,040 - Velocimacro : autoload off : VM system will not automatically reload global library macros
2016-12-02 10:46:09,046 - ResourceManager : found projecthtml.vm with loader org.apache.velocity.runtime.resource.loader.ClasspathResourceLoader
2016-12-02 10:46:54,719 - Log4JLogChute initialized using file 'velocity.log'
2016-12-02 10:46:54,720 - Initializing Velocity, Calling init()...
2016-12-02 10:46:54,720 - Starting Apache Velocity v1.7 (compiled: 2010-11-19 12:14:37)
2016-12-02 10:46:54,720 - Default Properties File: org\apache\velocity\runtime\defaults\velocity.properties
2016-12-02 10:46:54,720 - Trying to use logger class org.apache.velocity.runtime.log.AvalonLogChute
2016-12-02 10:46:54,720 - Target log system for org.apache.velocity.runtime.log.AvalonLogChute is not available (java.lang.NoClassDefFoundError: org/apache/log/format/Formatter).  Falling back to next log system...
2016-12-02 10:46:54,720 - Trying to use logger class org.apache.velocity.runtime.log.Log4JLogChute
2016-12-02 10:46:54,720 - Using logger class org.apache.velocity.runtime.log.Log4JLogChute
2016-12-02 10:46:54,722 - ResourceLoader instantiated: org.apache.velocity.runtime.resource.loader.ClasspathResourceLoader
2016-12-02 10:46:54,731 - ResourceCache: initialized (class org.apache.velocity.runtime.resource.ResourceCacheImpl) with class java.util.Collections$SynchronizedMap cache map.
2016-12-02 10:46:54,732 - Loaded System Directive: org.apache.velocity.runtime.directive.Stop
2016-12-02 10:46:54,733 - Loaded System Directive: org.apache.velocity.runtime.directive.Define
2016-12-02 10:46:54,733 - Loaded System Directive: org.apache.velocity.runtime.directive.Break
2016-12-02 10:46:54,735 - Loaded System Directive: org.apache.velocity.runtime.directive.Evaluate
2016-12-02 10:46:54,735 - Loaded System Directive: org.apache.velocity.runtime.directive.Literal
2016-12-02 10:46:54,736 - Loaded System Directive: org.apache.velocity.runtime.directive.Macro
2016-12-02 10:46:54,737 - Loaded System Directive: org.apache.velocity.runtime.directive.Parse
2016-12-02 10:46:54,738 - Loaded System Directive: org.apache.velocity.runtime.directive.Include
2016-12-02 10:46:54,738 - Loaded System Directive: org.apache.velocity.runtime.directive.Foreach
2016-12-02 10:46:54,759 - Created '20' parsers.
2016-12-02 10:46:54,762 - Velocimacro : "velocimacro.library" is not set.  Trying default library: VM_global_library.vm
2016-12-02 10:46:54,763 - Could not load resource 'VM_global_library.vm' from ResourceLoader org.apache.velocity.runtime.resource.loader.ClasspathResourceLoader: ClasspathResourceLoader Error: cannot find resource VM_global_library.vm
2016-12-02 10:46:54,763 - Velocimacro : Default library not found.
2016-12-02 10:46:54,763 - Velocimacro : allowInline = true : VMs can be defined inline in templates
2016-12-02 10:46:54,763 - Velocimacro : allowInlineToOverride = false : VMs defined inline may NOT replace previous VM definitions
2016-12-02 10:46:54,763 - Velocimacro : allowInlineLocal = false : VMs defined inline will be global in scope if allowed.
2016-12-02 10:46:54,763 - Velocimacro : autoload off : VM system will not automatically reload global library macros
2016-12-02 10:46:54,771 - ResourceManager : found projecthtml.vm with loader org.apache.velocity.runtime.resource.loader.ClasspathResourceLoader
2016-12-02 10:47:12,774 - Log4JLogChute initialized using file 'velocity.log'
2016-12-02 10:47:12,775 - Initializing Velocity, Calling init()...
2016-12-02 10:47:12,775 - Starting Apache Velocity v1.7 (compiled: 2010-11-19 12:14:37)
2016-12-02 10:47:12,775 - Default Properties File: org\apache\velocity\runtime\defaults\velocity.properties
2016-12-02 10:47:12,775 - Trying to use logger class org.apache.velocity.runtime.log.AvalonLogChute
2016-12-02 10:47:12,775 - Target log system for org.apache.velocity.runtime.log.AvalonLogChute is not available (java.lang.NoClassDefFoundError: org/apache/log/format/Formatter).  Falling back to next log system...
2016-12-02 10:47:12,775 - Trying to use logger class org.apache.velocity.runtime.log.Log4JLogChute
2016-12-02 10:47:12,775 - Using logger class org.apache.velocity.runtime.log.Log4JLogChute
2016-12-02 10:47:12,777 - ResourceLoader instantiated: org.apache.velocity.runtime.resource.loader.ClasspathResourceLoader
2016-12-02 10:47:12,788 - ResourceCache: initialized (class org.apache.velocity.runtime.resource.ResourceCacheImpl) with class java.util.Collections$SynchronizedMap cache map.
2016-12-02 10:47:12,789 - Loaded System Directive: org.apache.velocity.runtime.directive.Stop
2016-12-02 10:47:12,790 - Loaded System Directive: org.apache.velocity.runtime.directive.Define
2016-12-02 10:47:12,790 - Loaded System Directive: org.apache.velocity.runtime.directive.Break
2016-12-02 10:47:12,791 - Loaded System Directive: org.apache.velocity.runtime.directive.Evaluate
2016-12-02 10:47:12,791 - Loaded System Directive: org.apache.velocity.runtime.directive.Literal
2016-12-02 10:47:12,792 - Loaded System Directive: org.apache.velocity.runtime.directive.Macro
2016-12-02 10:47:12,792 - Loaded System Directive: org.apache.velocity.runtime.directive.Parse
2016-12-02 10:47:12,793 - Loaded System Directive: org.apache.velocity.runtime.directive.Include
2016-12-02 10:47:12,794 - Loaded System Directive: org.apache.velocity.runtime.directive.Foreach
2016-12-02 10:47:12,816 - Created '20' parsers.
2016-12-02 10:47:12,821 - Velocimacro : "velocimacro.library" is not set.  Trying default library: VM_global_library.vm
2016-12-02 10:47:12,821 - Could not load resource 'VM_global_library.vm' from ResourceLoader org.apache.velocity.runtime.resource.loader.ClasspathResourceLoader: ClasspathResourceLoader Error: cannot find resource VM_global_library.vm
2016-12-02 10:47:12,821 - Velocimacro : Default library not found.
2016-12-02 10:47:12,821 - Velocimacro : allowInline = true : VMs can be defined inline in templates
2016-12-02 10:47:12,821 - Velocimacro : allowInlineToOverride = false : VMs defined inline may NOT replace previous VM definitions
2016-12-02 10:47:12,821 - Velocimacro : allowInlineLocal = false : VMs defined inline will be global in scope if allowed.
2016-12-02 10:47:12,821 - Velocimacro : autoload off : VM system will not automatically reload global library macros
2016-12-02 10:47:12,829 - ResourceManager : found projecthtml.vm with loader org.apache.velocity.runtime.resource.loader.ClasspathResourceLoader
2016-12-02 10:47:48,957 - Log4JLogChute initialized using file 'velocity.log'
2016-12-02 10:47:48,958 - Initializing Velocity, Calling init()...
2016-12-02 10:47:48,958 - Starting Apache Velocity v1.7 (compiled: 2010-11-19 12:14:37)
2016-12-02 10:47:48,958 - Default Properties File: org\apache\velocity\runtime\defaults\velocity.properties
2016-12-02 10:47:48,958 - Trying to use logger class org.apache.velocity.runtime.log.AvalonLogChute
2016-12-02 10:47:48,958 - Target log system for org.apache.velocity.runtime.log.AvalonLogChute is not available (java.lang.NoClassDefFoundError: org/apache/log/format/Formatter).  Falling back to next log system...
2016-12-02 10:47:48,958 - Trying to use logger class org.apache.velocity.runtime.log.Log4JLogChute
2016-12-02 10:47:48,958 - Using logger class org.apache.velocity.runtime.log.Log4JLogChute
2016-12-02 10:47:48,960 - ResourceLoader instantiated: org.apache.velocity.runtime.resource.loader.ClasspathResourceLoader
2016-12-02 10:47:48,969 - ResourceCache: initialized (class org.apache.velocity.runtime.resource.ResourceCacheImpl) with class java.util.Collections$SynchronizedMap cache map.
2016-12-02 10:47:48,972 - Loaded System Directive: org.apache.velocity.runtime.directive.Stop
2016-12-02 10:47:48,973 - Loaded System Directive: org.apache.velocity.runtime.directive.Define
2016-12-02 10:47:48,973 - Loaded System Directive: org.apache.velocity.runtime.directive.Break
2016-12-02 10:47:48,974 - Loaded System Directive: org.apache.velocity.runtime.directive.Evaluate
2016-12-02 10:47:48,974 - Loaded System Directive: org.apache.velocity.runtime.directive.Literal
2016-12-02 10:47:48,975 - Loaded System Directive: org.apache.velocity.runtime.directive.Macro
2016-12-02 10:47:48,976 - Loaded System Directive: org.apache.velocity.runtime.directive.Parse
2016-12-02 10:47:48,977 - Loaded System Directive: org.apache.velocity.runtime.directive.Include
2016-12-02 10:47:48,977 - Loaded System Directive: org.apache.velocity.runtime.directive.Foreach
2016-12-02 10:47:48,998 - Created '20' parsers.
2016-12-02 10:47:49,003 - Velocimacro : "velocimacro.library" is not set.  Trying default library: VM_global_library.vm
2016-12-02 10:47:49,004 - Could not load resource 'VM_global_library.vm' from ResourceLoader org.apache.velocity.runtime.resource.loader.ClasspathResourceLoader: ClasspathResourceLoader Error: cannot find resource VM_global_library.vm
2016-12-02 10:47:49,004 - Velocimacro : Default library not found.
2016-12-02 10:47:49,004 - Velocimacro : allowInline = true : VMs can be defined inline in templates
2016-12-02 10:47:49,004 - Velocimacro : allowInlineToOverride = false : VMs defined inline may NOT replace previous VM definitions
2016-12-02 10:47:49,004 - Velocimacro : allowInlineLocal = false : VMs defined inline will be global in scope if allowed.
2016-12-02 10:47:49,004 - Velocimacro : autoload off : VM system will not automatically reload global library macros
2016-12-02 10:47:49,010 - ResourceManager : found projecthtml.vm with loader org.apache.velocity.runtime.resource.loader.ClasspathResourceLoader
2016-12-02 10:49:31,325 - Log4JLogChute initialized using file 'velocity.log'
2016-12-02 10:49:31,325 - Initializing Velocity, Calling init()...
2016-12-02 10:49:31,325 - Starting Apache Velocity v1.7 (compiled: 2010-11-19 12:14:37)
2016-12-02 10:49:31,325 - Default Properties File: org\apache\velocity\runtime\defaults\velocity.properties
2016-12-02 10:49:31,325 - Trying to use logger class org.apache.velocity.runtime.log.AvalonLogChute
2016-12-02 10:49:31,325 - Target log system for org.apache.velocity.runtime.log.AvalonLogChute is not available (java.lang.NoClassDefFoundError: org/apache/log/format/Formatter).  Falling back to next log system...
2016-12-02 10:49:31,325 - Trying to use logger class org.apache.velocity.runtime.log.Log4JLogChute
2016-12-02 10:49:31,325 - Using logger class org.apache.velocity.runtime.log.Log4JLogChute
2016-12-02 10:49:31,328 - ResourceLoader instantiated: org.apache.velocity.runtime.resource.loader.ClasspathResourceLoader
2016-12-02 10:49:31,336 - ResourceCache: initialized (class org.apache.velocity.runtime.resource.ResourceCacheImpl) with class java.util.Collections$SynchronizedMap cache map.
2016-12-02 10:49:31,337 - Loaded System Directive: org.apache.velocity.runtime.directive.Stop
2016-12-02 10:49:31,338 - Loaded System Directive: org.apache.velocity.runtime.directive.Define
2016-12-02 10:49:31,338 - Loaded System Directive: org.apache.velocity.runtime.directive.Break
2016-12-02 10:49:31,338 - Loaded System Directive: org.apache.velocity.runtime.directive.Evaluate
2016-12-02 10:49:31,339 - Loaded System Directive: org.apache.velocity.runtime.directive.Literal
2016-12-02 10:49:31,340 - Loaded System Directive: org.apache.velocity.runtime.directive.Macro
2016-12-02 10:49:31,340 - Loaded System Directive: org.apache.velocity.runtime.directive.Parse
2016-12-02 10:49:31,341 - Loaded System Directive: org.apache.velocity.runtime.directive.Include
2016-12-02 10:49:31,342 - Loaded System Directive: org.apache.velocity.runtime.directive.Foreach
2016-12-02 10:49:31,361 - Created '20' parsers.
2016-12-02 10:49:31,365 - Velocimacro : "velocimacro.library" is not set.  Trying default library: VM_global_library.vm
2016-12-02 10:49:31,365 - Could not load resource 'VM_global_library.vm' from ResourceLoader org.apache.velocity.runtime.resource.loader.ClasspathResourceLoader: ClasspathResourceLoader Error: cannot find resource VM_global_library.vm
2016-12-02 10:49:31,365 - Velocimacro : Default library not found.
2016-12-02 10:49:31,366 - Velocimacro : allowInline = true : VMs can be defined inline in templates
2016-12-02 10:49:31,366 - Velocimacro : allowInlineToOverride = false : VMs defined inline may NOT replace previous VM definitions
2016-12-02 10:49:31,366 - Velocimacro : allowInlineLocal = false : VMs defined inline will be global in scope if allowed.
2016-12-02 10:49:31,366 - Velocimacro : autoload off : VM system will not automatically reload global library macros
2016-12-02 10:49:31,372 - ResourceManager : found projecthtml.vm with loader org.apache.velocity.runtime.resource.loader.ClasspathResourceLoader
2016-12-02 11:09:41,262 - Log4JLogChute initialized using file 'velocity.log'
2016-12-02 11:09:41,262 - Initializing Velocity, Calling init()...
2016-12-02 11:09:41,262 - Starting Apache Velocity v1.7 (compiled: 2010-11-19 12:14:37)
2016-12-02 11:09:41,262 - Default Properties File: org\apache\velocity\runtime\defaults\velocity.properties
2016-12-02 11:09:41,262 - Trying to use logger class org.apache.velocity.runtime.log.AvalonLogChute
2016-12-02 11:09:41,262 - Target log system for org.apache.velocity.runtime.log.AvalonLogChute is not available (java.lang.NoClassDefFoundError: org/apache/log/format/Formatter).  Falling back to next log system...
2016-12-02 11:09:41,262 - Trying to use logger class org.apache.velocity.runtime.log.Log4JLogChute
2016-12-02 11:09:41,262 - Using logger class org.apache.velocity.runtime.log.Log4JLogChute
2016-12-02 11:09:41,264 - ResourceLoader instantiated: org.apache.velocity.runtime.resource.loader.ClasspathResourceLoader
2016-12-02 11:09:41,274 - ResourceCache: initialized (class org.apache.velocity.runtime.resource.ResourceCacheImpl) with class java.util.Collections$SynchronizedMap cache map.
2016-12-02 11:09:41,275 - Loaded System Directive: org.apache.velocity.runtime.directive.Stop
2016-12-02 11:09:41,276 - Loaded System Directive: org.apache.velocity.runtime.directive.Define
2016-12-02 11:09:41,276 - Loaded System Directive: org.apache.velocity.runtime.directive.Break
2016-12-02 11:09:41,277 - Loaded System Directive: org.apache.velocity.runtime.directive.Evaluate
2016-12-02 11:09:41,277 - Loaded System Directive: org.apache.velocity.runtime.directive.Literal
2016-12-02 11:09:41,278 - Loaded System Directive: org.apache.velocity.runtime.directive.Macro
2016-12-02 11:09:41,279 - Loaded System Directive: org.apache.velocity.runtime.directive.Parse
2016-12-02 11:09:41,279 - Loaded System Directive: org.apache.velocity.runtime.directive.Include
2016-12-02 11:09:41,280 - Loaded System Directive: org.apache.velocity.runtime.directive.Foreach
2016-12-02 11:09:41,301 - Created '20' parsers.
2016-12-02 11:09:41,305 - Velocimacro : "velocimacro.library" is not set.  Trying default library: VM_global_library.vm
2016-12-02 11:09:41,305 - Could not load resource 'VM_global_library.vm' from ResourceLoader org.apache.velocity.runtime.resource.loader.ClasspathResourceLoader: ClasspathResourceLoader Error: cannot find resource VM_global_library.vm
2016-12-02 11:09:41,305 - Velocimacro : Default library not found.
2016-12-02 11:09:41,305 - Velocimacro : allowInline = true : VMs can be defined inline in templates
2016-12-02 11:09:41,305 - Velocimacro : allowInlineToOverride = false : VMs defined inline may NOT replace previous VM definitions
2016-12-02 11:09:41,305 - Velocimacro : allowInlineLocal = false : VMs defined inline will be global in scope if allowed.
2016-12-02 11:09:41,305 - Velocimacro : autoload off : VM system will not automatically reload global library macros
2016-12-02 11:09:41,311 - ResourceManager : found projecthtml.vm with loader org.apache.velocity.runtime.resource.loader.ClasspathResourceLoader
2016-12-02 11:10:53,800 - Log4JLogChute initialized using file 'velocity.log'
2016-12-02 11:10:53,801 - Initializing Velocity, Calling init()...
2016-12-02 11:10:53,801 - Starting Apache Velocity v1.7 (compiled: 2010-11-19 12:14:37)
2016-12-02 11:10:53,801 - Default Properties File: org\apache\velocity\runtime\defaults\velocity.properties
2016-12-02 11:10:53,801 - Trying to use logger class org.apache.velocity.runtime.log.AvalonLogChute
2016-12-02 11:10:53,801 - Target log system for org.apache.velocity.runtime.log.AvalonLogChute is not available (java.lang.NoClassDefFoundError: org/apache/log/format/Formatter).  Falling back to next log system...
2016-12-02 11:10:53,801 - Trying to use logger class org.apache.velocity.runtime.log.Log4JLogChute
2016-12-02 11:10:53,801 - Using logger class org.apache.velocity.runtime.log.Log4JLogChute
2016-12-02 11:10:53,803 - ResourceLoader instantiated: org.apache.velocity.runtime.resource.loader.ClasspathResourceLoader
2016-12-02 11:10:53,811 - ResourceCache: initialized (class org.apache.velocity.runtime.resource.ResourceCacheImpl) with class java.util.Collections$SynchronizedMap cache map.
2016-12-02 11:10:53,814 - Loaded System Directive: org.apache.velocity.runtime.directive.Stop
2016-12-02 11:10:53,814 - Loaded System Directive: org.apache.velocity.runtime.directive.Define
2016-12-02 11:10:53,815 - Loaded System Directive: org.apache.velocity.runtime.directive.Break
2016-12-02 11:10:53,815 - Loaded System Directive: org.apache.velocity.runtime.directive.Evaluate
2016-12-02 11:10:53,815 - Loaded System Directive: org.apache.velocity.runtime.directive.Literal
2016-12-02 11:10:53,816 - Loaded System Directive: org.apache.velocity.runtime.directive.Macro
2016-12-02 11:10:53,817 - Loaded System Directive: org.apache.velocity.runtime.directive.Parse
2016-12-02 11:10:53,818 - Loaded System Directive: org.apache.velocity.runtime.directive.Include
2016-12-02 11:10:53,819 - Loaded System Directive: org.apache.velocity.runtime.directive.Foreach
2016-12-02 11:10:53,840 - Created '20' parsers.
2016-12-02 11:10:53,843 - Velocimacro : "velocimacro.library" is not set.  Trying default library: VM_global_library.vm
2016-12-02 11:10:53,844 - Could not load resource 'VM_global_library.vm' from ResourceLoader org.apache.velocity.runtime.resource.loader.ClasspathResourceLoader: ClasspathResourceLoader Error: cannot find resource VM_global_library.vm
2016-12-02 11:10:53,844 - Velocimacro : Default library not found.
2016-12-02 11:10:53,844 - Velocimacro : allowInline = true : VMs can be defined inline in templates
2016-12-02 11:10:53,844 - Velocimacro : allowInlineToOverride = false : VMs defined inline may NOT replace previous VM definitions
2016-12-02 11:10:53,844 - Velocimacro : allowInlineLocal = false : VMs defined inline will be global in scope if allowed.
2016-12-02 11:10:53,844 - Velocimacro : autoload off : VM system will not automatically reload global library macros
2016-12-02 11:10:53,851 - ResourceManager : found projecthtml.vm with loader org.apache.velocity.runtime.resource.loader.ClasspathResourceLoader
2016-12-02 11:14:37,560 - Log4JLogChute initialized using file 'velocity.log'
2016-12-02 11:14:37,561 - Initializing Velocity, Calling init()...
2016-12-02 11:14:37,561 - Starting Apache Velocity v1.7 (compiled: 2010-11-19 12:14:37)
2016-12-02 11:14:37,561 - Default Properties File: org\apache\velocity\runtime\defaults\velocity.properties
2016-12-02 11:14:37,561 - Trying to use logger class org.apache.velocity.runtime.log.AvalonLogChute
2016-12-02 11:14:37,561 - Target log system for org.apache.velocity.runtime.log.AvalonLogChute is not available (java.lang.NoClassDefFoundError: org/apache/log/format/Formatter).  Falling back to next log system...
2016-12-02 11:14:37,561 - Trying to use logger class org.apache.velocity.runtime.log.Log4JLogChute
2016-12-02 11:14:37,561 - Using logger class org.apache.velocity.runtime.log.Log4JLogChute
2016-12-02 11:14:37,563 - ResourceLoader instantiated: org.apache.velocity.runtime.resource.loader.ClasspathResourceLoader
2016-12-02 11:14:37,570 - ResourceCache: initialized (class org.apache.velocity.runtime.resource.ResourceCacheImpl) with class java.util.Collections$SynchronizedMap cache map.
2016-12-02 11:14:37,571 - Loaded System Directive: org.apache.velocity.runtime.directive.Stop
2016-12-02 11:14:37,572 - Loaded System Directive: org.apache.velocity.runtime.directive.Define
2016-12-02 11:14:37,572 - Loaded System Directive: org.apache.velocity.runtime.directive.Break
2016-12-02 11:14:37,572 - Loaded System Directive: org.apache.velocity.runtime.directive.Evaluate
2016-12-02 11:14:37,573 - Loaded System Directive: org.apache.velocity.runtime.directive.Literal
2016-12-02 11:14:37,573 - Loaded System Directive: org.apache.velocity.runtime.directive.Macro
2016-12-02 11:14:37,574 - Loaded System Directive: org.apache.velocity.runtime.directive.Parse
2016-12-02 11:14:37,575 - Loaded System Directive: org.apache.velocity.runtime.directive.Include
2016-12-02 11:14:37,575 - Loaded System Directive: org.apache.velocity.runtime.directive.Foreach
2016-12-02 11:14:37,595 - Created '20' parsers.
2016-12-02 11:14:37,599 - Velocimacro : "velocimacro.library" is not set.  Trying default library: VM_global_library.vm
2016-12-02 11:14:37,599 - Could not load resource 'VM_global_library.vm' from ResourceLoader org.apache.velocity.runtime.resource.loader.ClasspathResourceLoader: ClasspathResourceLoader Error: cannot find resource VM_global_library.vm
2016-12-02 11:14:37,599 - Velocimacro : Default library not found.
2016-12-02 11:14:37,599 - Velocimacro : allowInline = true : VMs can be defined inline in templates
2016-12-02 11:14:37,599 - Velocimacro : allowInlineToOverride = false : VMs defined inline may NOT replace previous VM definitions
2016-12-02 11:14:37,599 - Velocimacro : allowInlineLocal = false : VMs defined inline will be global in scope if allowed.
2016-12-02 11:14:37,599 - Velocimacro : autoload off : VM system will not automatically reload global library macros
2016-12-02 11:14:37,605 - ResourceManager : found projecthtml.vm with loader org.apache.velocity.runtime.resource.loader.ClasspathResourceLoader
2016-12-02 11:16:59,535 - Log4JLogChute initialized using file 'velocity.log'
2016-12-02 11:16:59,535 - Initializing Velocity, Calling init()...
2016-12-02 11:16:59,535 - Starting Apache Velocity v1.7 (compiled: 2010-11-19 12:14:37)
2016-12-02 11:16:59,535 - Default Properties File: org\apache\velocity\runtime\defaults\velocity.properties
2016-12-02 11:16:59,535 - Trying to use logger class org.apache.velocity.runtime.log.AvalonLogChute
2016-12-02 11:16:59,535 - Target log system for org.apache.velocity.runtime.log.AvalonLogChute is not available (java.lang.NoClassDefFoundError: org/apache/log/format/Formatter).  Falling back to next log system...
2016-12-02 11:16:59,535 - Trying to use logger class org.apache.velocity.runtime.log.Log4JLogChute
2016-12-02 11:16:59,535 - Using logger class org.apache.velocity.runtime.log.Log4JLogChute
2016-12-02 11:16:59,537 - ResourceLoader instantiated: org.apache.velocity.runtime.resource.loader.ClasspathResourceLoader
2016-12-02 11:16:59,545 - ResourceCache: initialized (class org.apache.velocity.runtime.resource.ResourceCacheImpl) with class java.util.Collections$SynchronizedMap cache map.
2016-12-02 11:16:59,547 - Loaded System Directive: org.apache.velocity.runtime.directive.Stop
2016-12-02 11:16:59,547 - Loaded System Directive: org.apache.velocity.runtime.directive.Define
2016-12-02 11:16:59,549 - Loaded System Directive: org.apache.velocity.runtime.directive.Break
2016-12-02 11:16:59,550 - Loaded System Directive: org.apache.velocity.runtime.directive.Evaluate
2016-12-02 11:16:59,550 - Loaded System Directive: org.apache.velocity.runtime.directive.Literal
2016-12-02 11:16:59,551 - Loaded System Directive: org.apache.velocity.runtime.directive.Macro
2016-12-02 11:16:59,552 - Loaded System Directive: org.apache.velocity.runtime.directive.Parse
2016-12-02 11:16:59,552 - Loaded System Directive: org.apache.velocity.runtime.directive.Include
2016-12-02 11:16:59,553 - Loaded System Directive: org.apache.velocity.runtime.directive.Foreach
2016-12-02 11:16:59,574 - Created '20' parsers.
2016-12-02 11:16:59,579 - Velocimacro : "velocimacro.library" is not set.  Trying default library: VM_global_library.vm
2016-12-02 11:16:59,580 - Could not load resource 'VM_global_library.vm' from ResourceLoader org.apache.velocity.runtime.resource.loader.ClasspathResourceLoader: ClasspathResourceLoader Error: cannot find resource VM_global_library.vm
2016-12-02 11:16:59,580 - Velocimacro : Default library not found.
2016-12-02 11:16:59,580 - Velocimacro : allowInline = true : VMs can be defined inline in templates
2016-12-02 11:16:59,580 - Velocimacro : allowInlineToOverride = false : VMs defined inline may NOT replace previous VM definitions
2016-12-02 11:16:59,580 - Velocimacro : allowInlineLocal = false : VMs defined inline will be global in scope if allowed.
2016-12-02 11:16:59,580 - Velocimacro : autoload off : VM system will not automatically reload global library macros
2016-12-02 11:16:59,587 - ResourceManager : found projecthtml.vm with loader org.apache.velocity.runtime.resource.loader.ClasspathResourceLoader
2016-12-02 11:17:26,106 - Log4JLogChute initialized using file 'velocity.log'
2016-12-02 11:17:26,107 - Initializing Velocity, Calling init()...
2016-12-02 11:17:26,107 - Starting Apache Velocity v1.7 (compiled: 2010-11-19 12:14:37)
2016-12-02 11:17:26,107 - Default Properties File: org\apache\velocity\runtime\defaults\velocity.properties
2016-12-02 11:17:26,107 - Trying to use logger class org.apache.velocity.runtime.log.AvalonLogChute
2016-12-02 11:17:26,107 - Target log system for org.apache.velocity.runtime.log.AvalonLogChute is not available (java.lang.NoClassDefFoundError: org/apache/log/format/Formatter).  Falling back to next log system...
2016-12-02 11:17:26,107 - Trying to use logger class org.apache.velocity.runtime.log.Log4JLogChute
2016-12-02 11:17:26,107 - Using logger class org.apache.velocity.runtime.log.Log4JLogChute
2016-12-02 11:17:26,110 - ResourceLoader instantiated: org.apache.velocity.runtime.resource.loader.ClasspathResourceLoader
2016-12-02 11:17:26,119 - ResourceCache: initialized (class org.apache.velocity.runtime.resource.ResourceCacheImpl) with class java.util.Collections$SynchronizedMap cache map.
2016-12-02 11:17:26,120 - Loaded System Directive: org.apache.velocity.runtime.directive.Stop
2016-12-02 11:17:26,121 - Loaded System Directive: org.apache.velocity.runtime.directive.Define
2016-12-02 11:17:26,121 - Loaded System Directive: org.apache.velocity.runtime.directive.Break
2016-12-02 11:17:26,121 - Loaded System Directive: org.apache.velocity.runtime.directive.Evaluate
2016-12-02 11:17:26,122 - Loaded System Directive: org.apache.velocity.runtime.directive.Literal
2016-12-02 11:17:26,122 - Loaded System Directive: org.apache.velocity.runtime.directive.Macro
2016-12-02 11:17:26,124 - Loaded System Directive: org.apache.velocity.runtime.directive.Parse
2016-12-02 11:17:26,125 - Loaded System Directive: org.apache.velocity.runtime.directive.Include
2016-12-02 11:17:26,126 - Loaded System Directive: org.apache.velocity.runtime.directive.Foreach
2016-12-02 11:17:26,146 - Created '20' parsers.
2016-12-02 11:17:26,150 - Velocimacro : "velocimacro.library" is not set.  Trying default library: VM_global_library.vm
2016-12-02 11:17:26,151 - Could not load resource 'VM_global_library.vm' from ResourceLoader org.apache.velocity.runtime.resource.loader.ClasspathResourceLoader: ClasspathResourceLoader Error: cannot find resource VM_global_library.vm
2016-12-02 11:17:26,151 - Velocimacro : Default library not found.
2016-12-02 11:17:26,151 - Velocimacro : allowInline = true : VMs can be defined inline in templates
2016-12-02 11:17:26,151 - Velocimacro : allowInlineToOverride = false : VMs defined inline may NOT replace previous VM definitions
2016-12-02 11:17:26,151 - Velocimacro : allowInlineLocal = false : VMs defined inline will be global in scope if allowed.
2016-12-02 11:17:26,151 - Velocimacro : autoload off : VM system will not automatically reload global library macros
2016-12-02 11:17:26,160 - ResourceManager : found projecthtml.vm with loader org.apache.velocity.runtime.resource.loader.ClasspathResourceLoader
2016-12-02 11:17:50,670 - Log4JLogChute initialized using file 'velocity.log'
2016-12-02 11:17:50,671 - Initializing Velocity, Calling init()...
2016-12-02 11:17:50,671 - Starting Apache Velocity v1.7 (compiled: 2010-11-19 12:14:37)
2016-12-02 11:17:50,671 - Default Properties File: org\apache\velocity\runtime\defaults\velocity.properties
2016-12-02 11:17:50,671 - Trying to use logger class org.apache.velocity.runtime.log.AvalonLogChute
2016-12-02 11:17:50,671 - Target log system for org.apache.velocity.runtime.log.AvalonLogChute is not available (java.lang.NoClassDefFoundError: org/apache/log/format/Formatter).  Falling back to next log system...
2016-12-02 11:17:50,671 - Trying to use logger class org.apache.velocity.runtime.log.Log4JLogChute
2016-12-02 11:17:50,671 - Using logger class org.apache.velocity.runtime.log.Log4JLogChute
2016-12-02 11:17:50,673 - ResourceLoader instantiated: org.apache.velocity.runtime.resource.loader.ClasspathResourceLoader
2016-12-02 11:17:50,681 - ResourceCache: initialized (class org.apache.velocity.runtime.resource.ResourceCacheImpl) with class java.util.Collections$SynchronizedMap cache map.
2016-12-02 11:17:50,682 - Loaded System Directive: org.apache.velocity.runtime.directive.Stop
2016-12-02 11:17:50,682 - Loaded System Directive: org.apache.velocity.runtime.directive.Define
2016-12-02 11:17:50,683 - Loaded System Directive: org.apache.velocity.runtime.directive.Break
2016-12-02 11:17:50,683 - Loaded System Directive: org.apache.velocity.runtime.directive.Evaluate
2016-12-02 11:17:50,683 - Loaded System Directive: org.apache.velocity.runtime.directive.Literal
2016-12-02 11:17:50,684 - Loaded System Directive: org.apache.velocity.runtime.directive.Macro
2016-12-02 11:17:50,685 - Loaded System Directive: org.apache.velocity.runtime.directive.Parse
2016-12-02 11:17:50,685 - Loaded System Directive: org.apache.velocity.runtime.directive.Include
2016-12-02 11:17:50,686 - Loaded System Directive: org.apache.velocity.runtime.directive.Foreach
2016-12-02 11:17:50,705 - Created '20' parsers.
2016-12-02 11:17:50,710 - Velocimacro : "velocimacro.library" is not set.  Trying default library: VM_global_library.vm
2016-12-02 11:17:50,710 - Could not load resource 'VM_global_library.vm' from ResourceLoader org.apache.velocity.runtime.resource.loader.ClasspathResourceLoader: ClasspathResourceLoader Error: cannot find resource VM_global_library.vm
2016-12-02 11:17:50,711 - Velocimacro : Default library not found.
2016-12-02 11:17:50,711 - Velocimacro : allowInline = true : VMs can be defined inline in templates
2016-12-02 11:17:50,711 - Velocimacro : allowInlineToOverride = false : VMs defined inline may NOT replace previous VM definitions
2016-12-02 11:17:50,711 - Velocimacro : allowInlineLocal = false : VMs defined inline will be global in scope if allowed.
2016-12-02 11:17:50,711 - Velocimacro : autoload off : VM system will not automatically reload global library macros
2016-12-02 11:17:50,717 - ResourceManager : found projecthtml.vm with loader org.apache.velocity.runtime.resource.loader.ClasspathResourceLoader
2016-12-02 11:18:48,522 - Log4JLogChute initialized using file 'velocity.log'
2016-12-02 11:18:48,522 - Initializing Velocity, Calling init()...
2016-12-02 11:18:48,522 - Starting Apache Velocity v1.7 (compiled: 2010-11-19 12:14:37)
2016-12-02 11:18:48,522 - Default Properties File: org\apache\velocity\runtime\defaults\velocity.properties
2016-12-02 11:18:48,522 - Trying to use logger class org.apache.velocity.runtime.log.AvalonLogChute
2016-12-02 11:18:48,522 - Target log system for org.apache.velocity.runtime.log.AvalonLogChute is not available (java.lang.NoClassDefFoundError: org/apache/log/format/Formatter).  Falling back to next log system...
2016-12-02 11:18:48,522 - Trying to use logger class org.apache.velocity.runtime.log.Log4JLogChute
2016-12-02 11:18:48,522 - Using logger class org.apache.velocity.runtime.log.Log4JLogChute
2016-12-02 11:18:48,524 - ResourceLoader instantiated: org.apache.velocity.runtime.resource.loader.ClasspathResourceLoader
2016-12-02 11:18:48,531 - ResourceCache: initialized (class org.apache.velocity.runtime.resource.ResourceCacheImpl) with class java.util.Collections$SynchronizedMap cache map.
2016-12-02 11:18:48,533 - Loaded System Directive: org.apache.velocity.runtime.directive.Stop
2016-12-02 11:18:48,534 - Loaded System Directive: org.apache.velocity.runtime.directive.Define
2016-12-02 11:18:48,534 - Loaded System Directive: org.apache.velocity.runtime.directive.Break
2016-12-02 11:18:48,535 - Loaded System Directive: org.apache.velocity.runtime.directive.Evaluate
2016-12-02 11:18:48,535 - Loaded System Directive: org.apache.velocity.runtime.directive.Literal
2016-12-02 11:18:48,536 - Loaded System Directive: org.apache.velocity.runtime.directive.Macro
2016-12-02 11:18:48,537 - Loaded System Directive: org.apache.velocity.runtime.directive.Parse
2016-12-02 11:18:48,537 - Loaded System Directive: org.apache.velocity.runtime.directive.Include
2016-12-02 11:18:48,538 - Loaded System Directive: org.apache.velocity.runtime.directive.Foreach
2016-12-02 11:18:48,558 - Created '20' parsers.
2016-12-02 11:18:48,563 - Velocimacro : "velocimacro.library" is not set.  Trying default library: VM_global_library.vm
2016-12-02 11:18:48,563 - Could not load resource 'VM_global_library.vm' from ResourceLoader org.apache.velocity.runtime.resource.loader.ClasspathResourceLoader: ClasspathResourceLoader Error: cannot find resource VM_global_library.vm
2016-12-02 11:18:48,563 - Velocimacro : Default library not found.
2016-12-02 11:18:48,564 - Velocimacro : allowInline = true : VMs can be defined inline in templates
2016-12-02 11:18:48,564 - Velocimacro : allowInlineToOverride = false : VMs defined inline may NOT replace previous VM definitions
2016-12-02 11:18:48,564 - Velocimacro : allowInlineLocal = false : VMs defined inline will be global in scope if allowed.
2016-12-02 11:18:48,564 - Velocimacro : autoload off : VM system will not automatically reload global library macros
2016-12-02 11:18:48,570 - ResourceManager : found projecthtml.vm with loader org.apache.velocity.runtime.resource.loader.ClasspathResourceLoader
2016-12-02 11:19:40,188 - Log4JLogChute initialized using file 'velocity.log'
2016-12-02 11:19:40,189 - Initializing Velocity, Calling init()...
2016-12-02 11:19:40,189 - Starting Apache Velocity v1.7 (compiled: 2010-11-19 12:14:37)
2016-12-02 11:19:40,189 - Default Properties File: org\apache\velocity\runtime\defaults\velocity.properties
2016-12-02 11:19:40,189 - Trying to use logger class org.apache.velocity.runtime.log.AvalonLogChute
2016-12-02 11:19:40,189 - Target log system for org.apache.velocity.runtime.log.AvalonLogChute is not available (java.lang.NoClassDefFoundError: org/apache/log/format/Formatter).  Falling back to next log system...
2016-12-02 11:19:40,189 - Trying to use logger class org.apache.velocity.runtime.log.Log4JLogChute
2016-12-02 11:19:40,189 - Using logger class org.apache.velocity.runtime.log.Log4JLogChute
2016-12-02 11:19:40,191 - ResourceLoader instantiated: org.apache.velocity.runtime.resource.loader.ClasspathResourceLoader
2016-12-02 11:19:40,199 - ResourceCache: initialized (class org.apache.velocity.runtime.resource.ResourceCacheImpl) with class java.util.Collections$SynchronizedMap cache map.
2016-12-02 11:19:40,200 - Loaded System Directive: org.apache.velocity.runtime.directive.Stop
2016-12-02 11:19:40,201 - Loaded System Directive: org.apache.velocity.runtime.directive.Define
2016-12-02 11:19:40,201 - Loaded System Directive: org.apache.velocity.runtime.directive.Break
2016-12-02 11:19:40,202 - Loaded System Directive: org.apache.velocity.runtime.directive.Evaluate
2016-12-02 11:19:40,202 - Loaded System Directive: org.apache.velocity.runtime.directive.Literal
2016-12-02 11:19:40,203 - Loaded System Directive: org.apache.velocity.runtime.directive.Macro
2016-12-02 11:19:40,204 - Loaded System Directive: org.apache.velocity.runtime.directive.Parse
2016-12-02 11:19:40,205 - Loaded System Directive: org.apache.velocity.runtime.directive.Include
2016-12-02 11:19:40,206 - Loaded System Directive: org.apache.velocity.runtime.directive.Foreach
2016-12-02 11:19:40,225 - Created '20' parsers.
2016-12-02 11:19:40,229 - Velocimacro : "velocimacro.library" is not set.  Trying default library: VM_global_library.vm
2016-12-02 11:19:40,229 - Could not load resource 'VM_global_library.vm' from ResourceLoader org.apache.velocity.runtime.resource.loader.ClasspathResourceLoader: ClasspathResourceLoader Error: cannot find resource VM_global_library.vm
2016-12-02 11:19:40,230 - Velocimacro : Default library not found.
2016-12-02 11:19:40,230 - Velocimacro : allowInline = true : VMs can be defined inline in templates
2016-12-02 11:19:40,230 - Velocimacro : allowInlineToOverride = false : VMs defined inline may NOT replace previous VM definitions
2016-12-02 11:19:40,230 - Velocimacro : allowInlineLocal = false : VMs defined inline will be global in scope if allowed.
2016-12-02 11:19:40,230 - Velocimacro : autoload off : VM system will not automatically reload global library macros
2016-12-02 11:19:40,237 - ResourceManager : found projecthtml.vm with loader org.apache.velocity.runtime.resource.loader.ClasspathResourceLoader
2016-12-02 11:20:00,309 - Log4JLogChute initialized using file 'velocity.log'
2016-12-02 11:20:00,310 - Initializing Velocity, Calling init()...
2016-12-02 11:20:00,310 - Starting Apache Velocity v1.7 (compiled: 2010-11-19 12:14:37)
2016-12-02 11:20:00,310 - Default Properties File: org\apache\velocity\runtime\defaults\velocity.properties
2016-12-02 11:20:00,310 - Trying to use logger class org.apache.velocity.runtime.log.AvalonLogChute
2016-12-02 11:20:00,310 - Target log system for org.apache.velocity.runtime.log.AvalonLogChute is not available (java.lang.NoClassDefFoundError: org/apache/log/format/Formatter).  Falling back to next log system...
2016-12-02 11:20:00,310 - Trying to use logger class org.apache.velocity.runtime.log.Log4JLogChute
2016-12-02 11:20:00,310 - Using logger class org.apache.velocity.runtime.log.Log4JLogChute
2016-12-02 11:20:00,312 - ResourceLoader instantiated: org.apache.velocity.runtime.resource.loader.ClasspathResourceLoader
2016-12-02 11:20:00,322 - ResourceCache: initialized (class org.apache.velocity.runtime.resource.ResourceCacheImpl) with class java.util.Collections$SynchronizedMap cache map.
2016-12-02 11:20:00,323 - Loaded System Directive: org.apache.velocity.runtime.directive.Stop
2016-12-02 11:20:00,324 - Loaded System Directive: org.apache.velocity.runtime.directive.Define
2016-12-02 11:20:00,324 - Loaded System Directive: org.apache.velocity.runtime.directive.Break
2016-12-02 11:20:00,324 - Loaded System Directive: org.apache.velocity.runtime.directive.Evaluate
2016-12-02 11:20:00,325 - Loaded System Directive: org.apache.velocity.runtime.directive.Literal
2016-12-02 11:20:00,325 - Loaded System Directive: org.apache.velocity.runtime.directive.Macro
2016-12-02 11:20:00,326 - Loaded System Directive: org.apache.velocity.runtime.directive.Parse
2016-12-02 11:20:00,328 - Loaded System Directive: org.apache.velocity.runtime.directive.Include
2016-12-02 11:20:00,329 - Loaded System Directive: org.apache.velocity.runtime.directive.Foreach
2016-12-02 11:20:00,349 - Created '20' parsers.
2016-12-02 11:20:00,353 - Velocimacro : "velocimacro.library" is not set.  Trying default library: VM_global_library.vm
2016-12-02 11:20:00,354 - Could not load resource 'VM_global_library.vm' from ResourceLoader org.apache.velocity.runtime.resource.loader.ClasspathResourceLoader: ClasspathResourceLoader Error: cannot find resource VM_global_library.vm
2016-12-02 11:20:00,354 - Velocimacro : Default library not found.
2016-12-02 11:20:00,354 - Velocimacro : allowInline = true : VMs can be defined inline in templates
2016-12-02 11:20:00,354 - Velocimacro : allowInlineToOverride = false : VMs defined inline may NOT replace previous VM definitions
2016-12-02 11:20:00,354 - Velocimacro : allowInlineLocal = false : VMs defined inline will be global in scope if allowed.
2016-12-02 11:20:00,354 - Velocimacro : autoload off : VM system will not automatically reload global library macros
2016-12-02 11:20:00,362 - ResourceManager : found projecthtml.vm with loader org.apache.velocity.runtime.resource.loader.ClasspathResourceLoader
2016-12-02 11:20:45,571 - Log4JLogChute initialized using file 'velocity.log'
2016-12-02 11:20:45,571 - Initializing Velocity, Calling init()...
2016-12-02 11:20:45,571 - Starting Apache Velocity v1.7 (compiled: 2010-11-19 12:14:37)
2016-12-02 11:20:45,571 - Default Properties File: org\apache\velocity\runtime\defaults\velocity.properties
2016-12-02 11:20:45,571 - Trying to use logger class org.apache.velocity.runtime.log.AvalonLogChute
2016-12-02 11:20:45,571 - Target log system for org.apache.velocity.runtime.log.AvalonLogChute is not available (java.lang.NoClassDefFoundError: org/apache/log/format/Formatter).  Falling back to next log system...
2016-12-02 11:20:45,571 - Trying to use logger class org.apache.velocity.runtime.log.Log4JLogChute
2016-12-02 11:20:45,571 - Using logger class org.apache.velocity.runtime.log.Log4JLogChute
2016-12-02 11:20:45,573 - ResourceLoader instantiated: org.apache.velocity.runtime.resource.loader.ClasspathResourceLoader
2016-12-02 11:20:45,582 - ResourceCache: initialized (class org.apache.velocity.runtime.resource.ResourceCacheImpl) with class java.util.Collections$SynchronizedMap cache map.
2016-12-02 11:20:45,584 - Loaded System Directive: org.apache.velocity.runtime.directive.Stop
2016-12-02 11:20:45,584 - Loaded System Directive: org.apache.velocity.runtime.directive.Define
2016-12-02 11:20:45,585 - Loaded System Directive: org.apache.velocity.runtime.directive.Break
2016-12-02 11:20:45,585 - Loaded System Directive: org.apache.velocity.runtime.directive.Evaluate
2016-12-02 11:20:45,586 - Loaded System Directive: org.apache.velocity.runtime.directive.Literal
2016-12-02 11:20:45,587 - Loaded System Directive: org.apache.velocity.runtime.directive.Macro
2016-12-02 11:20:45,587 - Loaded System Directive: org.apache.velocity.runtime.directive.Parse
2016-12-02 11:20:45,588 - Loaded System Directive: org.apache.velocity.runtime.directive.Include
2016-12-02 11:20:45,589 - Loaded System Directive: org.apache.velocity.runtime.directive.Foreach
2016-12-02 11:20:45,622 - Created '20' parsers.
2016-12-02 11:20:45,629 - Velocimacro : "velocimacro.library" is not set.  Trying default library: VM_global_library.vm
2016-12-02 11:20:45,629 - Could not load resource 'VM_global_library.vm' from ResourceLoader org.apache.velocity.runtime.resource.loader.ClasspathResourceLoader: ClasspathResourceLoader Error: cannot find resource VM_global_library.vm
2016-12-02 11:20:45,629 - Velocimacro : Default library not found.
2016-12-02 11:20:45,629 - Velocimacro : allowInline = true : VMs can be defined inline in templates
2016-12-02 11:20:45,630 - Velocimacro : allowInlineToOverride = false : VMs defined inline may NOT replace previous VM definitions
2016-12-02 11:20:45,630 - Velocimacro : allowInlineLocal = false : VMs defined inline will be global in scope if allowed.
2016-12-02 11:20:45,630 - Velocimacro : autoload off : VM system will not automatically reload global library macros
2016-12-02 11:20:45,637 - ResourceManager : found projecthtml.vm with loader org.apache.velocity.runtime.resource.loader.ClasspathResourceLoader
2016-12-02 12:36:23,365 - Log4JLogChute initialized using file 'velocity.log'
2016-12-02 12:36:23,365 - Initializing Velocity, Calling init()...
2016-12-02 12:36:23,365 - Starting Apache Velocity v1.7 (compiled: 2010-11-19 12:14:37)
2016-12-02 12:36:23,365 - Default Properties File: org\apache\velocity\runtime\defaults\velocity.properties
2016-12-02 12:36:23,365 - Trying to use logger class org.apache.velocity.runtime.log.AvalonLogChute
2016-12-02 12:36:23,365 - Target log system for org.apache.velocity.runtime.log.AvalonLogChute is not available (java.lang.NoClassDefFoundError: org/apache/log/format/Formatter).  Falling back to next log system...
2016-12-02 12:36:23,365 - Trying to use logger class org.apache.velocity.runtime.log.Log4JLogChute
2016-12-02 12:36:23,365 - Using logger class org.apache.velocity.runtime.log.Log4JLogChute
2016-12-02 12:36:23,367 - ResourceLoader instantiated: org.apache.velocity.runtime.resource.loader.ClasspathResourceLoader
2016-12-02 12:36:23,375 - ResourceCache: initialized (class org.apache.velocity.runtime.resource.ResourceCacheImpl) with class java.util.Collections$SynchronizedMap cache map.
2016-12-02 12:36:23,376 - Loaded System Directive: org.apache.velocity.runtime.directive.Stop
2016-12-02 12:36:23,376 - Loaded System Directive: org.apache.velocity.runtime.directive.Define
2016-12-02 12:36:23,377 - Loaded System Directive: org.apache.velocity.runtime.directive.Break
2016-12-02 12:36:23,377 - Loaded System Directive: org.apache.velocity.runtime.directive.Evaluate
2016-12-02 12:36:23,377 - Loaded System Directive: org.apache.velocity.runtime.directive.Literal
2016-12-02 12:36:23,378 - Loaded System Directive: org.apache.velocity.runtime.directive.Macro
2016-12-02 12:36:23,379 - Loaded System Directive: org.apache.velocity.runtime.directive.Parse
2016-12-02 12:36:23,380 - Loaded System Directive: org.apache.velocity.runtime.directive.Include
2016-12-02 12:36:23,380 - Loaded System Directive: org.apache.velocity.runtime.directive.Foreach
2016-12-02 12:36:23,400 - Created '20' parsers.
2016-12-02 12:36:23,404 - Velocimacro : "velocimacro.library" is not set.  Trying default library: VM_global_library.vm
2016-12-02 12:36:23,404 - Could not load resource 'VM_global_library.vm' from ResourceLoader org.apache.velocity.runtime.resource.loader.ClasspathResourceLoader: ClasspathResourceLoader Error: cannot find resource VM_global_library.vm
2016-12-02 12:36:23,405 - Velocimacro : Default library not found.
2016-12-02 12:36:23,405 - Velocimacro : allowInline = true : VMs can be defined inline in templates
2016-12-02 12:36:23,405 - Velocimacro : allowInlineToOverride = false : VMs defined inline may NOT replace previous VM definitions
2016-12-02 12:36:23,405 - Velocimacro : allowInlineLocal = false : VMs defined inline will be global in scope if allowed.
2016-12-02 12:36:23,405 - Velocimacro : autoload off : VM system will not automatically reload global library macros
2016-12-02 12:36:23,412 - ResourceManager : found projecthtml.vm with loader org.apache.velocity.runtime.resource.loader.ClasspathResourceLoader
2016-12-02 12:37:04,552 - Log4JLogChute initialized using file 'velocity.log'
2016-12-02 12:37:04,553 - Initializing Velocity, Calling init()...
2016-12-02 12:37:04,553 - Starting Apache Velocity v1.7 (compiled: 2010-11-19 12:14:37)
2016-12-02 12:37:04,553 - Default Properties File: org\apache\velocity\runtime\defaults\velocity.properties
2016-12-02 12:37:04,553 - Trying to use logger class org.apache.velocity.runtime.log.AvalonLogChute
2016-12-02 12:37:04,553 - Target log system for org.apache.velocity.runtime.log.AvalonLogChute is not available (java.lang.NoClassDefFoundError: org/apache/log/format/Formatter).  Falling back to next log system...
2016-12-02 12:37:04,553 - Trying to use logger class org.apache.velocity.runtime.log.Log4JLogChute
2016-12-02 12:37:04,553 - Using logger class org.apache.velocity.runtime.log.Log4JLogChute
2016-12-02 12:37:04,555 - ResourceLoader instantiated: org.apache.velocity.runtime.resource.loader.ClasspathResourceLoader
2016-12-02 12:37:04,563 - ResourceCache: initialized (class org.apache.velocity.runtime.resource.ResourceCacheImpl) with class java.util.Collections$SynchronizedMap cache map.
2016-12-02 12:37:04,565 - Loaded System Directive: org.apache.velocity.runtime.directive.Stop
2016-12-02 12:37:04,565 - Loaded System Directive: org.apache.velocity.runtime.directive.Define
2016-12-02 12:37:04,566 - Loaded System Directive: org.apache.velocity.runtime.directive.Break
2016-12-02 12:37:04,566 - Loaded System Directive: org.apache.velocity.runtime.directive.Evaluate
2016-12-02 12:37:04,566 - Loaded System Directive: org.apache.velocity.runtime.directive.Literal
2016-12-02 12:37:04,567 - Loaded System Directive: org.apache.velocity.runtime.directive.Macro
2016-12-02 12:37:04,568 - Loaded System Directive: org.apache.velocity.runtime.directive.Parse
2016-12-02 12:37:04,569 - Loaded System Directive: org.apache.velocity.runtime.directive.Include
2016-12-02 12:37:04,569 - Loaded System Directive: org.apache.velocity.runtime.directive.Foreach
2016-12-02 12:37:04,589 - Created '20' parsers.
2016-12-02 12:37:04,594 - Velocimacro : "velocimacro.library" is not set.  Trying default library: VM_global_library.vm
2016-12-02 12:37:04,594 - Could not load resource 'VM_global_library.vm' from ResourceLoader org.apache.velocity.runtime.resource.loader.ClasspathResourceLoader: ClasspathResourceLoader Error: cannot find resource VM_global_library.vm
2016-12-02 12:37:04,594 - Velocimacro : Default library not found.
2016-12-02 12:37:04,594 - Velocimacro : allowInline = true : VMs can be defined inline in templates
2016-12-02 12:37:04,594 - Velocimacro : allowInlineToOverride = false : VMs defined inline may NOT replace previous VM definitions
2016-12-02 12:37:04,594 - Velocimacro : allowInlineLocal = false : VMs defined inline will be global in scope if allowed.
2016-12-02 12:37:04,594 - Velocimacro : autoload off : VM system will not automatically reload global library macros
2016-12-02 12:37:04,604 - ResourceManager : found projecthtml.vm with loader org.apache.velocity.runtime.resource.loader.ClasspathResourceLoader
2016-12-02 12:37:46,789 - Log4JLogChute initialized using file 'velocity.log'
2016-12-02 12:37:46,789 - Initializing Velocity, Calling init()...
2016-12-02 12:37:46,789 - Starting Apache Velocity v1.7 (compiled: 2010-11-19 12:14:37)
2016-12-02 12:37:46,789 - Default Properties File: org\apache\velocity\runtime\defaults\velocity.properties
2016-12-02 12:37:46,789 - Trying to use logger class org.apache.velocity.runtime.log.AvalonLogChute
2016-12-02 12:37:46,789 - Target log system for org.apache.velocity.runtime.log.AvalonLogChute is not available (java.lang.NoClassDefFoundError: org/apache/log/format/Formatter).  Falling back to next log system...
2016-12-02 12:37:46,789 - Trying to use logger class org.apache.velocity.runtime.log.Log4JLogChute
2016-12-02 12:37:46,789 - Using logger class org.apache.velocity.runtime.log.Log4JLogChute
2016-12-02 12:37:46,791 - ResourceLoader instantiated: org.apache.velocity.runtime.resource.loader.ClasspathResourceLoader
2016-12-02 12:37:46,802 - ResourceCache: initialized (class org.apache.velocity.runtime.resource.ResourceCacheImpl) with class java.util.Collections$SynchronizedMap cache map.
2016-12-02 12:37:46,804 - Loaded System Directive: org.apache.velocity.runtime.directive.Stop
2016-12-02 12:37:46,805 - Loaded System Directive: org.apache.velocity.runtime.directive.Define
2016-12-02 12:37:46,805 - Loaded System Directive: org.apache.velocity.runtime.directive.Break
2016-12-02 12:37:46,806 - Loaded System Directive: org.apache.velocity.runtime.directive.Evaluate
2016-12-02 12:37:46,806 - Loaded System Directive: org.apache.velocity.runtime.directive.Literal
2016-12-02 12:37:46,808 - Loaded System Directive: org.apache.velocity.runtime.directive.Macro
2016-12-02 12:37:46,809 - Loaded System Directive: org.apache.velocity.runtime.directive.Parse
2016-12-02 12:37:46,810 - Loaded System Directive: org.apache.velocity.runtime.directive.Include
2016-12-02 12:37:46,810 - Loaded System Directive: org.apache.velocity.runtime.directive.Foreach
2016-12-02 12:37:46,836 - Created '20' parsers.
2016-12-02 12:37:46,840 - Velocimacro : "velocimacro.library" is not set.  Trying default library: VM_global_library.vm
2016-12-02 12:37:46,841 - Could not load resource 'VM_global_library.vm' from ResourceLoader org.apache.velocity.runtime.resource.loader.ClasspathResourceLoader: ClasspathResourceLoader Error: cannot find resource VM_global_library.vm
2016-12-02 12:37:46,841 - Velocimacro : Default library not found.
2016-12-02 12:37:46,841 - Velocimacro : allowInline = true : VMs can be defined inline in templates
2016-12-02 12:37:46,841 - Velocimacro : allowInlineToOverride = false : VMs defined inline may NOT replace previous VM definitions
2016-12-02 12:37:46,841 - Velocimacro : allowInlineLocal = false : VMs defined inline will be global in scope if allowed.
2016-12-02 12:37:46,841 - Velocimacro : autoload off : VM system will not automatically reload global library macros
2016-12-02 12:37:46,850 - ResourceManager : found projecthtml.vm with loader org.apache.velocity.runtime.resource.loader.ClasspathResourceLoader
2016-12-02 17:20:39,192 - Log4JLogChute initialized using file 'velocity.log'
2016-12-02 17:20:39,215 - Initializing Velocity, Calling init()...
2016-12-02 17:20:39,215 - Starting Apache Velocity v1.7 (compiled: 2010-11-19 12:14:37)
2016-12-02 17:20:39,216 - Default Properties File: org\apache\velocity\runtime\defaults\velocity.properties
2016-12-02 17:20:39,216 - Trying to use logger class org.apache.velocity.runtime.log.AvalonLogChute
2016-12-02 17:20:39,216 - Target log system for org.apache.velocity.runtime.log.AvalonLogChute is not available (java.lang.NoClassDefFoundError: org/apache/log/format/Formatter).  Falling back to next log system...
2016-12-02 17:20:39,216 - Trying to use logger class org.apache.velocity.runtime.log.Log4JLogChute
2016-12-02 17:20:39,216 - Using logger class org.apache.velocity.runtime.log.Log4JLogChute
2016-12-02 17:20:39,218 - ResourceLoader instantiated: org.apache.velocity.runtime.resource.loader.ClasspathResourceLoader
2016-12-02 17:20:39,226 - ResourceCache: initialized (class org.apache.velocity.runtime.resource.ResourceCacheImpl) with class java.util.Collections$SynchronizedMap cache map.
2016-12-02 17:20:39,228 - Loaded System Directive: org.apache.velocity.runtime.directive.Stop
2016-12-02 17:20:39,228 - Loaded System Directive: org.apache.velocity.runtime.directive.Define
2016-12-02 17:20:39,229 - Loaded System Directive: org.apache.velocity.runtime.directive.Break
2016-12-02 17:20:39,229 - Loaded System Directive: org.apache.velocity.runtime.directive.Evaluate
2016-12-02 17:20:39,230 - Loaded System Directive: org.apache.velocity.runtime.directive.Literal
2016-12-02 17:20:39,230 - Loaded System Directive: org.apache.velocity.runtime.directive.Macro
2016-12-02 17:20:39,231 - Loaded System Directive: org.apache.velocity.runtime.directive.Parse
2016-12-02 17:20:39,232 - Loaded System Directive: org.apache.velocity.runtime.directive.Include
2016-12-02 17:20:39,232 - Loaded System Directive: org.apache.velocity.runtime.directive.Foreach
2016-12-02 17:20:39,252 - Created '20' parsers.
2016-12-02 17:20:39,258 - Velocimacro : "velocimacro.library" is not set.  Trying default library: VM_global_library.vm
2016-12-02 17:20:39,258 - Could not load resource 'VM_global_library.vm' from ResourceLoader org.apache.velocity.runtime.resource.loader.ClasspathResourceLoader: ClasspathResourceLoader Error: cannot find resource VM_global_library.vm
2016-12-02 17:20:39,258 - Velocimacro : Default library not found.
2016-12-02 17:20:39,258 - Velocimacro : allowInline = true : VMs can be defined inline in templates
2016-12-02 17:20:39,258 - Velocimacro : allowInlineToOverride = false : VMs defined inline may NOT replace previous VM definitions
2016-12-02 17:20:39,258 - Velocimacro : allowInlineLocal = false : VMs defined inline will be global in scope if allowed.
2016-12-02 17:20:39,258 - Velocimacro : autoload off : VM system will not automatically reload global library macros
2016-12-02 17:20:39,265 - ResourceManager : found projecthtml.vm with loader org.apache.velocity.runtime.resource.loader.ClasspathResourceLoader
